<?xml version="1.0" encoding="UTF-8"?>
<testng-results ignored="0" total="1" passed="1" failed="0" skipped="0">
  <reporter-output>
  </reporter-output>
  <suite started-at="2023-12-15T07:28:28 IST" name="Default suite" finished-at="2023-12-15T07:29:25 IST" duration-ms="56600">
    <groups>
    </groups>
    <test started-at="2023-12-15T07:28:28 IST" name="Default test" finished-at="2023-12-15T07:29:25 IST" duration-ms="56600">
      <class name="test.NRtest">
        <test-method is-config="true" signature="setup()[pri:0, instance:test.NRtest@55b699ef]" started-at="2023-12-15T07:28:28 IST" name="setup" finished-at="2023-12-15T07:28:48 IST" duration-ms="19856" status="PASS">
          <reporter-output>
          </reporter-output>
        </test-method> <!-- setup -->
        <test-method signature="test()[pri:0, instance:test.NRtest@55b699ef]" started-at="2023-12-15T07:28:48 IST" name="test" finished-at="2023-12-15T07:29:25 IST" duration-ms="36712" status="PASS">
          <reporter-output>
          </reporter-output>
        </test-method> <!-- test -->
      </class> <!-- test.NRtest -->
    </test> <!-- Default test -->
  </suite> <!-- Default suite -->
</testng-results>
